{"/Users/ken/mine/oss/wait-in-parallel/src/ParallelError.ts": {"path":"/Users/ken/mine/oss/wait-in-parallel/src/ParallelError.ts","statementMap":{"0":{"start":{"line":21,"column":4},"end":{"line":21,"column":12}},"1":{"start":{"line":5,"column":2},"end":{"line":5,"column":25}},"2":{"start":{"line":22,"column":23},"end":{"line":22,"column":48}},"3":{"start":{"line":23,"column":19},"end":{"line":23,"column":40}},"4":{"start":{"line":24,"column":39},"end":{"line":24,"column":60}},"5":{"start":{"line":25,"column":20},"end":{"line":25,"column":42}},"6":{"start":{"line":26,"column":26},"end":{"line":26,"column":54}},"7":{"start":{"line":28,"column":4},"end":{"line":28,"column":32}},"8":{"start":{"line":29,"column":4},"end":{"line":32,"column":9}},"9":{"start":{"line":33,"column":4},"end":{"line":33,"column":25}},"10":{"start":{"line":34,"column":4},"end":{"line":34,"column":25}},"11":{"start":{"line":35,"column":4},"end":{"line":35,"column":33}},"12":{"start":{"line":36,"column":4},"end":{"line":36,"column":27}},"13":{"start":{"line":37,"column":4},"end":{"line":41,"column":5}},"14":{"start":{"line":38,"column":23},"end":{"line":38,"column":58}},"15":{"start":{"line":39,"column":25},"end":{"line":39,"column":81}},"16":{"start":{"line":39,"column":64},"end":{"line":39,"column":80}},"17":{"start":{"line":40,"column":6},"end":{"line":40,"column":35}},"18":{"start":{"line":4,"column":0},"end":{"line":43,"column":1}}},"fnMap":{"0":{"name":"(anonymous_0)","decl":{"start":{"line":20,"column":2},"end":{"line":20,"column":13}},"loc":{"start":{"line":20,"column":31},"end":{"line":42,"column":3}}},"1":{"name":"(anonymous_1)","decl":{"start":{"line":39,"column":59},"end":{"line":39,"column":60}},"loc":{"start":{"line":39,"column":64},"end":{"line":39,"column":80}}}},"branchMap":{"0":{"loc":{"start":{"line":37,"column":4},"end":{"line":41,"column":5}},"type":"if","locations":[{"start":{"line":37,"column":4},"end":{"line":41,"column":5}},{"start":{"line":37,"column":4},"end":{"line":41,"column":5}}]}},"s":{"0":6,"1":6,"2":6,"3":6,"4":6,"5":6,"6":6,"7":6,"8":6,"9":6,"10":6,"11":6,"12":6,"13":6,"14":6,"15":6,"16":14,"17":6,"18":1},"f":{"0":6,"1":14},"b":{"0":[6,0]}}
,"/Users/ken/mine/oss/wait-in-parallel/src/Timeout.ts": {"path":"/Users/ken/mine/oss/wait-in-parallel/src/Timeout.ts","statementMap":{"0":{"start":{"line":2,"column":2},"end":{"line":3,"column":8}},"1":{"start":{"line":6,"column":13},"end":{"line":6,"column":22}},"2":{"start":{"line":15,"column":13},"end":{"line":15,"column":26}}},"fnMap":{},"branchMap":{},"s":{"0":4,"1":20,"2":4},"f":{},"b":{}}
,"/Users/ken/mine/oss/wait-in-parallel/src/index.ts": {"path":"/Users/ken/mine/oss/wait-in-parallel/src/index.ts","statementMap":{"0":{"start":{"line":2,"column":0},"end":{"line":2,"column":43}},"1":{"start":{"line":3,"column":0},"end":{"line":3,"column":31}},"2":{"start":{"line":6,"column":2},"end":{"line":6,"column":51}},"3":{"start":{"line":38,"column":22},"end":{"line":38,"column":60}},"4":{"start":{"line":23,"column":10},"end":{"line":23,"column":29}},"5":{"start":{"line":24,"column":10},"end":{"line":24,"column":43}},"6":{"start":{"line":25,"column":10},"end":{"line":25,"column":37}},"7":{"start":{"line":26,"column":10},"end":{"line":26,"column":37}},"8":{"start":{"line":27,"column":10},"end":{"line":27,"column":33}},"9":{"start":{"line":28,"column":10},"end":{"line":28,"column":43}},"10":{"start":{"line":29,"column":10},"end":{"line":29,"column":37}},"11":{"start":{"line":30,"column":10},"end":{"line":30,"column":65}},"12":{"start":{"line":31,"column":10},"end":{"line":31,"column":65}},"13":{"start":{"line":39,"column":4},"end":{"line":41,"column":5}},"14":{"start":{"line":40,"column":6},"end":{"line":40,"column":27}},"15":{"start":{"line":34,"column":16},"end":{"line":34,"column":30}},"16":{"start":{"line":35,"column":4},"end":{"line":35,"column":15}},"17":{"start":{"line":46,"column":22},"end":{"line":53,"column":6}},"18":{"start":{"line":54,"column":4},"end":{"line":56,"column":5}},"19":{"start":{"line":55,"column":6},"end":{"line":55,"column":67}},"20":{"start":{"line":57,"column":4},"end":{"line":57,"column":49}},"21":{"start":{"line":61,"column":4},"end":{"line":77,"column":5}},"22":{"start":{"line":62,"column":6},"end":{"line":62,"column":51}},"23":{"start":{"line":64,"column":6},"end":{"line":76,"column":7}},"24":{"start":{"line":65,"column":8},"end":{"line":75,"column":9}},"25":{"start":{"line":66,"column":10},"end":{"line":66,"column":18}},"26":{"start":{"line":68,"column":26},"end":{"line":70,"column":26}},"27":{"start":{"line":71,"column":10},"end":{"line":73,"column":12}},"28":{"start":{"line":74,"column":10},"end":{"line":74,"column":58}},"29":{"start":{"line":79,"column":4},"end":{"line":79,"column":16}},"30":{"start":{"line":83,"column":4},"end":{"line":83,"column":36}},"31":{"start":{"line":84,"column":4},"end":{"line":84,"column":16}},"32":{"start":{"line":88,"column":4},"end":{"line":88,"column":36}},"33":{"start":{"line":89,"column":4},"end":{"line":89,"column":16}},"34":{"start":{"line":97,"column":4},"end":{"line":97,"column":21}},"35":{"start":{"line":98,"column":4},"end":{"line":98,"column":22}},"36":{"start":{"line":99,"column":4},"end":{"line":99,"column":23}},"37":{"start":{"line":100,"column":4},"end":{"line":100,"column":26}},"38":{"start":{"line":101,"column":4},"end":{"line":101,"column":22}},"39":{"start":{"line":102,"column":4},"end":{"line":102,"column":29}},"40":{"start":{"line":103,"column":4},"end":{"line":103,"column":32}},"41":{"start":{"line":104,"column":4},"end":{"line":104,"column":32}},"42":{"start":{"line":106,"column":4},"end":{"line":106,"column":16}},"43":{"start":{"line":115,"column":4},"end":{"line":119,"column":5}},"44":{"start":{"line":116,"column":6},"end":{"line":116,"column":28}},"45":{"start":{"line":118,"column":6},"end":{"line":118,"column":28}},"46":{"start":{"line":120,"column":4},"end":{"line":120,"column":16}},"47":{"start":{"line":124,"column":4},"end":{"line":124,"column":29}},"48":{"start":{"line":125,"column":4},"end":{"line":125,"column":35}},"49":{"start":{"line":126,"column":22},"end":{"line":126,"column":60}},"50":{"start":{"line":127,"column":4},"end":{"line":129,"column":5}},"51":{"start":{"line":128,"column":6},"end":{"line":128,"column":36}},"52":{"start":{"line":131,"column":4},"end":{"line":131,"column":25}},"53":{"start":{"line":139,"column":21},"end":{"line":139,"column":62}},"54":{"start":{"line":140,"column":4},"end":{"line":148,"column":5}},"55":{"start":{"line":141,"column":16},"end":{"line":143,"column":7}},"56":{"start":{"line":144,"column":6},"end":{"line":144,"column":35}},"57":{"start":{"line":145,"column":6},"end":{"line":145,"column":14}},"58":{"start":{"line":147,"column":6},"end":{"line":147,"column":42}},"59":{"start":{"line":150,"column":4},"end":{"line":159,"column":5}},"60":{"start":{"line":151,"column":6},"end":{"line":151,"column":51}},"61":{"start":{"line":153,"column":23},"end":{"line":153,"column":43}},"62":{"start":{"line":154,"column":6},"end":{"line":158,"column":8}},"63":{"start":{"line":156,"column":26},"end":{"line":156,"column":66}},"64":{"start":{"line":157,"column":33},"end":{"line":157,"column":65}},"65":{"start":{"line":163,"column":4},"end":{"line":163,"column":32}},"66":{"start":{"line":164,"column":4},"end":{"line":164,"column":38}},"67":{"start":{"line":168,"column":4},"end":{"line":168,"column":28}},"68":{"start":{"line":169,"column":4},"end":{"line":169,"column":29}},"69":{"start":{"line":170,"column":4},"end":{"line":172,"column":5}},"70":{"start":{"line":171,"column":6},"end":{"line":171,"column":36}},"71":{"start":{"line":176,"column":4},"end":{"line":190,"column":7}},"72":{"start":{"line":177,"column":27},"end":{"line":177,"column":52}},"73":{"start":{"line":178,"column":6},"end":{"line":189,"column":7}},"74":{"start":{"line":179,"column":25},"end":{"line":179,"column":50}},"75":{"start":{"line":180,"column":8},"end":{"line":188,"column":9}},"76":{"start":{"line":181,"column":10},"end":{"line":185,"column":12}},"77":{"start":{"line":183,"column":37},"end":{"line":183,"column":69}},"78":{"start":{"line":184,"column":37},"end":{"line":184,"column":66}},"79":{"start":{"line":187,"column":10},"end":{"line":187,"column":38}},"80":{"start":{"line":22,"column":0},"end":{"line":192,"column":1}}},"fnMap":{"0":{"name":"isDelayedPromise","decl":{"start":{"line":5,"column":0},"end":{"line":5,"column":25}},"loc":{"start":{"line":5,"column":35},"end":{"line":7,"column":1}}},"1":{"name":"(anonymous_7)","decl":{"start":{"line":38,"column":2},"end":{"line":38,"column":21}},"loc":{"start":{"line":38,"column":60},"end":{"line":42,"column":3}}},"2":{"name":"(anonymous_8)","decl":{"start":{"line":33,"column":9},"end":{"line":33,"column":14}},"loc":{"start":{"line":33,"column":22},"end":{"line":36,"column":3}}},"3":{"name":"(anonymous_9)","decl":{"start":{"line":45,"column":9},"end":{"line":45,"column":11}},"loc":{"start":{"line":45,"column":25},"end":{"line":58,"column":3}}},"4":{"name":"(anonymous_10)","decl":{"start":{"line":60,"column":9},"end":{"line":60,"column":11}},"loc":{"start":{"line":60,"column":78},"end":{"line":80,"column":3}}},"5":{"name":"(anonymous_11)","decl":{"start":{"line":82,"column":9},"end":{"line":82,"column":23}},"loc":{"start":{"line":82,"column":57},"end":{"line":85,"column":3}}},"6":{"name":"(anonymous_12)","decl":{"start":{"line":87,"column":9},"end":{"line":87,"column":23}},"loc":{"start":{"line":87,"column":57},"end":{"line":90,"column":3}}},"7":{"name":"(anonymous_13)","decl":{"start":{"line":96,"column":9},"end":{"line":96,"column":13}},"loc":{"start":{"line":96,"column":14},"end":{"line":107,"column":3}}},"8":{"name":"(anonymous_14)","decl":{"start":{"line":114,"column":9},"end":{"line":114,"column":16}},"loc":{"start":{"line":114,"column":32},"end":{"line":121,"column":3}}},"9":{"name":"(anonymous_15)","decl":{"start":{"line":123,"column":15},"end":{"line":123,"column":20}},"loc":{"start":{"line":123,"column":21},"end":{"line":132,"column":3}}},"10":{"name":"(anonymous_17)","decl":{"start":{"line":134,"column":10},"end":{"line":134,"column":17}},"loc":{"start":{"line":137,"column":24},"end":{"line":160,"column":3}}},"11":{"name":"(anonymous_18)","decl":{"start":{"line":156,"column":16},"end":{"line":156,"column":21}},"loc":{"start":{"line":156,"column":26},"end":{"line":156,"column":66}}},"12":{"name":"(anonymous_19)","decl":{"start":{"line":157,"column":17},"end":{"line":157,"column":18}},"loc":{"start":{"line":157,"column":33},"end":{"line":157,"column":65}}},"13":{"name":"(anonymous_20)","decl":{"start":{"line":162,"column":10},"end":{"line":162,"column":22}},"loc":{"start":{"line":162,"column":50},"end":{"line":165,"column":3}}},"14":{"name":"(anonymous_21)","decl":{"start":{"line":167,"column":10},"end":{"line":167,"column":22}},"loc":{"start":{"line":167,"column":51},"end":{"line":173,"column":3}}},"15":{"name":"(anonymous_22)","decl":{"start":{"line":175,"column":10},"end":{"line":175,"column":26}},"loc":{"start":{"line":175,"column":27},"end":{"line":191,"column":3}}},"16":{"name":"(anonymous_23)","decl":{"start":{"line":176,"column":41},"end":{"line":176,"column":44}},"loc":{"start":{"line":176,"column":48},"end":{"line":190,"column":5}}},"17":{"name":"(anonymous_24)","decl":{"start":{"line":183,"column":20},"end":{"line":183,"column":21}},"loc":{"start":{"line":183,"column":37},"end":{"line":183,"column":69}}},"18":{"name":"(anonymous_25)","decl":{"start":{"line":184,"column":21},"end":{"line":184,"column":22}},"loc":{"start":{"line":184,"column":37},"end":{"line":184,"column":66}}}},"branchMap":{"0":{"loc":{"start":{"line":6,"column":38},"end":{"line":6,"column":42}},"type":"cond-expr","locations":[{"start":{"line":6,"column":38},"end":{"line":6,"column":42}},{"start":{"line":6,"column":45},"end":{"line":6,"column":50}}]},"1":{"loc":{"start":{"line":38,"column":45},"end":{"line":38,"column":60}},"type":"default-arg","locations":[{"start":{"line":38,"column":45},"end":{"line":38,"column":60}}]},"2":{"loc":{"start":{"line":39,"column":4},"end":{"line":41,"column":5}},"type":"if","locations":[{"start":{"line":39,"column":4},"end":{"line":41,"column":5}},{"start":{"line":39,"column":4},"end":{"line":41,"column":5}}]},"3":{"loc":{"start":{"line":54,"column":4},"end":{"line":56,"column":5}},"type":"if","locations":[{"start":{"line":54,"column":4},"end":{"line":56,"column":5}},{"start":{"line":54,"column":4},"end":{"line":56,"column":5}}]},"4":{"loc":{"start":{"line":64,"column":6},"end":{"line":76,"column":7}},"type":"if","locations":[{"start":{"line":64,"column":6},"end":{"line":76,"column":7}},{"start":{"line":64,"column":6},"end":{"line":76,"column":7}}]},"5":{"loc":{"start":{"line":65,"column":8},"end":{"line":75,"column":9}},"type":"if","locations":[{"start":{"line":65,"column":8},"end":{"line":75,"column":9}},{"start":{"line":65,"column":8},"end":{"line":75,"column":9}}]},"6":{"loc":{"start":{"line":115,"column":4},"end":{"line":119,"column":5}},"type":"if","locations":[{"start":{"line":115,"column":4},"end":{"line":119,"column":5}},{"start":{"line":115,"column":4},"end":{"line":119,"column":5}}]},"7":{"loc":{"start":{"line":126,"column":48},"end":{"line":126,"column":52}},"type":"cond-expr","locations":[{"start":{"line":126,"column":48},"end":{"line":126,"column":52}},{"start":{"line":126,"column":55},"end":{"line":126,"column":60}}]},"8":{"loc":{"start":{"line":127,"column":4},"end":{"line":129,"column":5}},"type":"if","locations":[{"start":{"line":127,"column":4},"end":{"line":129,"column":5}},{"start":{"line":127,"column":4},"end":{"line":129,"column":5}}]},"9":{"loc":{"start":{"line":140,"column":4},"end":{"line":148,"column":5}},"type":"if","locations":[{"start":{"line":140,"column":4},"end":{"line":148,"column":5}},{"start":{"line":140,"column":4},"end":{"line":148,"column":5}}]},"10":{"loc":{"start":{"line":150,"column":4},"end":{"line":159,"column":5}},"type":"if","locations":[{"start":{"line":150,"column":4},"end":{"line":159,"column":5}},{"start":{"line":150,"column":4},"end":{"line":159,"column":5}}]},"11":{"loc":{"start":{"line":153,"column":23},"end":{"line":153,"column":38}},"type":"binary-expr","locations":[{"start":{"line":153,"column":23},"end":{"line":153,"column":38}},{"start":{"line":153,"column":42},"end":{"line":153,"column":43}}]},"12":{"loc":{"start":{"line":170,"column":4},"end":{"line":172,"column":5}},"type":"if","locations":[{"start":{"line":170,"column":4},"end":{"line":172,"column":5}},{"start":{"line":170,"column":4},"end":{"line":172,"column":5}}]},"13":{"loc":{"start":{"line":178,"column":6},"end":{"line":189,"column":7}},"type":"if","locations":[{"start":{"line":178,"column":6},"end":{"line":189,"column":7}},{"start":{"line":178,"column":6},"end":{"line":189,"column":7}}]},"14":{"loc":{"start":{"line":179,"column":25},"end":{"line":179,"column":45}},"type":"binary-expr","locations":[{"start":{"line":179,"column":25},"end":{"line":179,"column":45}},{"start":{"line":179,"column":49},"end":{"line":179,"column":50}}]}},"s":{"0":1,"1":1,"2":25,"3":15,"4":15,"5":15,"6":15,"7":15,"8":15,"9":15,"10":15,"11":15,"12":15,"13":15,"14":0,"15":14,"16":14,"17":38,"18":38,"19":1,"20":37,"21":24,"22":24,"23":2,"24":2,"25":1,"26":1,"27":1,"28":1,"29":23,"30":1,"31":1,"32":0,"33":0,"34":1,"35":1,"36":1,"37":1,"38":1,"39":1,"40":1,"41":1,"42":1,"43":5,"44":2,"45":3,"46":5,"47":10,"48":10,"49":9,"50":9,"51":5,"52":4,"53":25,"54":25,"55":2,"56":2,"57":2,"58":23,"59":23,"60":11,"61":12,"62":12,"63":9,"64":3,"65":14,"66":14,"67":6,"68":6,"69":6,"70":1,"71":10,"72":20,"73":20,"74":8,"75":8,"76":8,"77":5,"78":3,"79":0,"80":1},"f":{"0":25,"1":15,"2":14,"3":38,"4":24,"5":1,"6":0,"7":1,"8":5,"9":10,"10":25,"11":9,"12":3,"13":14,"14":6,"15":10,"16":20,"17":5,"18":3},"b":{"0":[12,13],"1":[15],"2":[0,15],"3":[1,37],"4":[2,0],"5":[1,1],"6":[2,3],"7":[5,4],"8":[5,4],"9":[2,23],"10":[11,12],"11":[12,10],"12":[1,5],"13":[8,12],"14":[8,6]}}
}
